
> my-v0-project@0.1.0 build
> next build

▲ Next.js 16.2.10 (Turbopack)
- Environments: .env
- Experiments (use with caution):
  · optimizePackageImports

⚠ The "middleware" file convention is deprecated. Please use "proxy" instead. Learn more: https://nextjs.org/docs/messages/middleware-to-proxy
  Creating an optimized production build ...
✓ Compiled successfully in 17.3s
  Running TypeScript ...
  Finished TypeScript in 9.0s ...
  Collecting page data using 15 workers ...
  Generating static pages using 15 workers (0/72) ...
  Generating static pages using 15 workers (18/72) 
  Generating static pages using 15 workers (36/72) 
  Generating static pages using 15 workers (54/72) 
✓ Generating static pages using 15 workers (72/72) in 761ms
  Finalizing page optimization ...

Route (app)
┌ ƒ /_not-found
├ ƒ /[locale]
├ ƒ /[locale]/actualites
├ ƒ /[locale]/actualites/[slug]
├ ƒ /[locale]/admin
├ ƒ /[locale]/admin/dashboard
├ ƒ /[locale]/equipe
├ ƒ /[locale]/evenements
├ ƒ /[locale]/evenements/[slug]
├ ƒ /[locale]/faq
├ ƒ /[locale]/inscription-beneficiaire
├ ƒ /[locale]/legal/confidentialite
├ ƒ /[locale]/legal/cookies
├ ƒ /[locale]/legal/mentions-legales
├ ƒ /[locale]/plan-du-site
├ ƒ /[locale]/poles/[slug]
├ ƒ /admin
├ ƒ /admin/actualites
├ ƒ /admin/beneficiaires
├ ƒ /admin/conventions
├ ƒ /admin/dashboard/[[...tool]]
├ ƒ /admin/evenements
├ ƒ /admin/faq
├ ƒ /admin/footer
├ ƒ /admin/galerie
├ ƒ /admin/hero
├ ƒ /admin/medecins
├ ƒ /admin/parametres
├ ƒ /admin/poles
├ ƒ /admin/sections
├ ƒ /admin/statistiques
├ ƒ /admin/videos
├ ƒ /api/admin/actualites
├ ƒ /api/admin/articles
├ ƒ /api/admin/beneficiaires
├ ƒ /api/admin/clinic
├ ƒ /api/admin/conventions
├ ƒ /api/admin/doctors
├ ƒ /api/admin/equipment
├ ƒ /api/admin/evenements
├ ƒ /api/admin/faq
├ ƒ /api/admin/footer
├ ƒ /api/admin/galerie
├ ƒ /api/admin/gallery
├ ƒ /api/admin/hero
├ ƒ /api/admin/hero-slides
├ ƒ /api/admin/media
├ ƒ /api/admin/media/resolve
├ ƒ /api/admin/poles
├ ƒ /api/admin/sections
├ ƒ /api/admin/services
├ ƒ /api/admin/settings
├ ƒ /api/admin/stats
├ ƒ /api/admin/testimonials
├ ƒ /api/admin/upload
├ ƒ /api/admin/videos
├ ƒ /api/auth/[...nextauth]
├ ƒ /api/beneficiaires
├ ƒ /api/revalidate
├ ƒ /api/send-email
├ ƒ /api/track
├ ƒ /auth/signin
├ ○ /icon.png
├ ○ /robots.txt
└ ○ /sitemap.xml


ƒ Proxy (Middleware)

○  (Static)   prerendered as static content
ƒ  (Dynamic)  server-rendered on demand

